<?xml version="1.0" encoding="UTF-8"?>
<!-- Generated by org.testng.reporters.JUnitReportReporter -->
<testsuite hostname="ROG" failures="0" tests="1" name="basic.OrganizationsTest" time="7.205" errors="0" timestamp="2024-03-22T10:48:33 IST" skipped="0">
  <testcase classname="basic.OrganizationsTest" name="CreateOrganizationTest" time="7.205"/>
  <system-out/>
</testsuite> <!-- basic.OrganizationsTest -->
